<?xml version="1.0" encoding="UTF-8"?>
<!-- Generated by org.testng.reporters.JUnitReportReporter -->
<testsuite hostname="SANTHOSH-PC" failures="0" tests="1" name="org.website_Test.Initial_Page_Test" time="15.415" errors="0" timestamp="2022-11-03T11:39:14 IST" skipped="0">
  <testcase classname="org.website_Test.Initial_Page_Test" name="clikable_Elements_in_SalezRobot_Website" time="15.415"/>
  <system-out/>
</testsuite> <!-- org.website_Test.Initial_Page_Test -->
