<?xml version="1.0" encoding="UTF-8"?>
<!-- Generated by org.testng.reporters.JUnitReportReporter -->
<testsuite hostname="SANTHOSH-PC" failures="0" tests="1" name="salezRobotWebsite_Test.SalezRobot_Website_Test" time="54.523" errors="0" timestamp="2022-10-21T18:46:32 IST" skipped="0">
  <testcase classname="salezRobotWebsite_Test.SalezRobot_Website_Test" name="clikable_Elements_in_SalezRobot_Website" time="54.523"/>
  <system-out/>
</testsuite> <!-- salezRobotWebsite_Test.SalezRobot_Website_Test -->
