<?xml version="1.0" encoding="UTF-8"?>
<!-- Generated by org.testng.reporters.JUnitReportReporter -->
<testsuite hostname="SANTHOSH-PC" failures="0" tests="1" name="salezRobotWebsite_Test.SalezRobot_Website_Test" time="41.335" errors="0" timestamp="2022-11-04T17:22:05 IST" skipped="0">
  <testcase classname="salezRobotWebsite_Test.SalezRobot_Website_Test" name="clikable_Elements_in_SalezRobot_Website" time="41.335"/>
  <system-out/>
</testsuite> <!-- salezRobotWebsite_Test.SalezRobot_Website_Test -->
